Penetration file /Users/kristindickerson/code/slugheat/PenetrationFiles/CHINOoK/HF3/CHINOoK_HF3_3.pen read ...
 APPLYING OFFSET OF 0.15 IN TempCorrection.m
Converted raw readings to corrected temperature:
Temperature is referenced to first point of bottom water calibration record ...

Split penetration and heat pulse data:
There is a heat pulse record ...

Penetration Record: 18
Heat Pulse Record:  39
End of Data Record: 62

02-Nov-2022 18:09:07 - End of raw data reading and preparation !
==========================================================================


TAP file CHINOoK_HF3_3.tapread ...

Applying tilt correction ...
Mean tilt is now :      4.6 degrees.
Inter-Sensor distance : 0.299 m.

-------------------------------------------------------------------------------
02-Nov-2022 18:10:12 - Begin SlugHeat22 PROCESSING
Split penetration and heat pulse data:
There is a heat pulse record ...

Penetration Record: 18
Heat Pulse Record:  39
End of Data Record: 62



