----------------------------------------------
----------------------------------------------
SlugHeat22 start time: 09-Aug-2023 13:35:11
----------------------------------------------
----------------------------------------------

09-Aug-2023 13:35:11 Processing set up and data preparation
==================================================================================================

 -- Finding parameter file...
Parameter file: /Users/kristindickerson/repos/slugheat/SlugHeat22.par

-- Reading in parameters from parameters file

-- Reading in parameters from parameters file

-- Resetting SlugHeat: clearing all...

-- Resetting penetration information

 -- Finding penetration file from SlugPen...
Penetration file: /Users/kristindickerson/repos/slugheat/inputs/Works-with-updated-code/test_230807_noCAL_P1.pen

 -- Finding tap file from SlugPen...
TAP file: /Users/kristindickerson/repos/slugheat/inputs/Works-with-updated-code/test_230807_noCAL_P1.tap

 -- Finding mat file from SlugPen...
MAT file: /Users/kristindickerson/repos/slugheat/inputs/Works-with-updated-code/test_230807_noCAL_P1.mat

 -- Reading in parameters from parameter file...
-- Reading in parameters from parameters file

-- Resetting SlugHeat: clearing all...

-- Resetting penetration information

 -- Finding penetration file from SlugPen...
Penetration file: /Users/kristindickerson/repos/slugheat/inputs/Works-with-updated-code/test_230807_noCAL_P1.pen

 -- Finding tap file from SlugPen...
TAP file: /Users/kristindickerson/repos/slugheat/inputs/Works-with-updated-code/test_230807_noCAL_P1.tap

 -- Finding mat file from SlugPen...
MAT file: /Users/kristindickerson/repos/slugheat/inputs/Works-with-updated-code/test_230807_noCAL_P1.mat

 -- Reading in parameters from parameter file...
-- Reading in parameters from parameters file

-- Resetting SlugHeat: clearing all...

-- Resetting penetration information

 -- Finding penetration file from SlugPen...
Penetration file: /Users/kristindickerson/repos/slugheat/inputs/Works-with-updated-code/test_230807_noCAL_P1.pen

 -- Finding tap file from SlugPen...
TAP file: /Users/kristindickerson/repos/slugheat/inputs/Works-with-updated-code/test_230807_noCAL_P1.tap

 -- Finding mat file from SlugPen...
MAT file: /Users/kristindickerson/repos/slugheat/inputs/Works-with-updated-code/test_230807_noCAL_P1.mat

 -- Reading in parameters from parameter file...
