Penetration file /Users/kristindickerson/03_local-repos/slugheat/inputs/Old_HFData/ReformattedPens/TicoFluxII_rf/hf02_rf/t2h02p03_rf.pen read ...
Split penetration and heat pulse data:
There is a heat pulse record ...

Penetration Record: 6
Heat Pulse Record:  53
End of Data Record: 96

05-Sep-2023 13:45:14 - End of raw data reading and preparation !
==========================================================================


TAP file t2h02p03_rf.tapread ...

Split penetration and heat pulse data:
There is a heat pulse record ...

-------------------------------------------------------------------------------
Penetration Start record number has been manually changed by user. New penetration start: 05-Sep-2023 13:49:04 - End of raw data reading and preparation !
==========================================================================


-------------------------------------------------------------------------------
05-Sep-2023 13:49:33
 - Begin SlugHeat22 PROCESSING
Split penetration and heat pulse data:
There is a heat pulse record ...

-------------------------------------------------------------------------------
Penetration Start record number has been manually changed by user. New penetration start: 