Penetration file /Users/kristindickerson/03_local-repos/slugheat/inputs/Old_HFData/ReformattedPens/TicoFluxII_rf/hf02_rf/t2h02p11_rf.pen read ...
Split penetration and heat pulse data:
There is a heat pulse record ...

Penetration Record: 6
Heat Pulse Record:  48
End of Data Record: 119

23-Aug-2023 09:15:08 - End of raw data reading and preparation !
==========================================================================


TAP file t2h02p11_rf.tapread ...

-------------------------------------------------------------------------------
23-Aug-2023 09:15:56
 - Begin SlugHeat22 PROCESSING
Split penetration and heat pulse data:
There is a heat pulse record ...

Penetration Record: 6
Heat Pulse Record:  48
End of Data Record: 119

These sensors are IGNORED in equilibrium temperature processing: 

These sensors are IGNORED in thermal conductivity processing: 10  11

-------------------------------------------------------------------------------
23-Aug-2023 09:16:39
 - Begin SlugHeat22 PROCESSING
Split penetration and heat pulse data:
There is a heat pulse record ...

Penetration Record: 6
Heat Pulse Record:  48
End of Data Record: 119

-------------------------------------------------------------------------------
23-Aug-2023 09:18:23
 - Begin SlugHeat22 PROCESSING
Split penetration and heat pulse data:
There is a heat pulse record ...

Penetration Record: 6
Heat Pulse Record:  48
End of Data Record: 119

-------------------------------------------------------------------------------
23-Aug-2023 09:20:34
 - Begin SlugHeat22 PROCESSING
Split penetration and heat pulse data:
There is a heat pulse record ...

Penetration Record: 6
Heat Pulse Record:  48
End of Data Record: 119

-------------------------------------------------------------------------------
23-Aug-2023 09:21:29
 - Begin SlugHeat22 PROCESSING
Split penetration and heat pulse data:
There is a heat pulse record ...

Penetration Record: 6
Heat Pulse Record:  48
End of Data Record: 119

-------------------------------------------------------------------------------
23-Aug-2023 09:21:31
 - Begin SlugHeat22 PROCESSING
Split penetration and heat pulse data:
There is a heat pulse record ...

Penetration Record: 6
Heat Pulse Record:  48
End of Data Record: 119

-------------------------------------------------------------------------------
23-Aug-2023 09:39:50
 - Begin SlugHeat22 PROCESSING
Split penetration and heat pulse data:
There is a heat pulse record ...

Penetration Record: 6
Heat Pulse Record:  48
End of Data Record: 119

-------------------------------------------------------------------------------
23-Aug-2023 09:39:57
 - Begin SlugHeat22 PROCESSING
Split penetration and heat pulse data:
There is a heat pulse record ...

Penetration Record: 6
Heat Pulse Record:  48
End of Data Record: 119

