Penetration file /Users/kristindickerson/03_local-repos/slugheat/inputs/Old_HFData/ReformattedPens/TicoFluxII_rf/hf02_rf/t2h02p13_rf.pen read ...
Split penetration and heat pulse data:
There is a heat pulse record ...

Penetration Record: 6
Heat Pulse Record:  49
End of Data Record: 107

24-Aug-2023 10:48:04 - End of raw data reading and preparation !
==========================================================================


TAP file t2h02p13_rf.tapread ...

-------------------------------------------------------------------------------
24-Aug-2023 10:48:38
 - Begin SlugHeat22 PROCESSING
Split penetration and heat pulse data:
There is a heat pulse record ...

Penetration Record: 6
Heat Pulse Record:  49
End of Data Record: 107

-------------------------------------------------------------------------------
24-Aug-2023 10:57:23
 - Begin SlugHeat22 PROCESSING
Split penetration and heat pulse data:
There is a heat pulse record ...

Penetration Record: 6
Heat Pulse Record:  49
End of Data Record: 107

-------------------------------------------------------------------------------
24-Aug-2023 10:59:55
 - Begin SlugHeat22 PROCESSING
Split penetration and heat pulse data:
There is a heat pulse record ...

Penetration Record: 6
Heat Pulse Record:  49
End of Data Record: 107

-------------------------------------------------------------------------------
24-Aug-2023 11:01:19
 - Begin SlugHeat22 PROCESSING
Split penetration and heat pulse data:
There is a heat pulse record ...

Penetration Record: 6
Heat Pulse Record:  49
End of Data Record: 107

-------------------------------------------------------------------------------
24-Aug-2023 11:10:37
 - Begin SlugHeat22 PROCESSING
Split penetration and heat pulse data:
There is a heat pulse record ...

Penetration Record: 6
Heat Pulse Record:  49
End of Data Record: 107

