Penetration file /Users/kristindickerson/code/slugheat_slugpen/working/slugheat/inputs/CHINOoK/HF7/editedPENs/CHINOoK_HF7_1.pen read ...
Split penetration and heat pulse data:
There is a heat pulse record ...

Penetration Record: 16
Heat Pulse Record:  38
End of Data Record: 65

Split penetration and heat pulse data:
There is a heat pulse record ...

Penetration Record: 16
Heat Pulse Record:  38
End of Data Record: 65

11-Apr-2023 15:04:18 - End of raw data reading and preparation !
==========================================================================


-------------------------------------------------------------------------------
11-Apr-2023 15:04:22 - Begin SlugHeat22 PROCESSING
Split penetration and heat pulse data:
There is a heat pulse record ...

Penetration Record: 16
Heat Pulse Record:  38
End of Data Record: 65

-------------------------------------------------------------------------------
11-Apr-2023 15:04:51 - Begin SlugHeat22 PROCESSING
Split penetration and heat pulse data:
There is a heat pulse record ...

Penetration Record: 16
Heat Pulse Record:  38
End of Data Record: 65

-------------------------------------------------------------------------------
11-Apr-2023 15:05:01 - Begin SlugHeat22 PROCESSING
Split penetration and heat pulse data:
There is a heat pulse record ...

Penetration Record: 16
Heat Pulse Record:  38
End of Data Record: 65

-------------------------------------------------------------------------------
11-Apr-2023 15:05:22 - Begin SlugHeat22 PROCESSING
Split penetration and heat pulse data:
There is a heat pulse record ...

Penetration Record: 16
Heat Pulse Record:  38
End of Data Record: 65

