Penetration file /Users/kristindickerson/code/slugheat_slugpen/working/slugheat/inputs/CHINOoK/HF2/editedPENs/CHINOoK_HF2_1.pen read ...
Split penetration and heat pulse data:
There is a heat pulse record ...

Penetration Record: 7
Heat Pulse Record:  30
End of Data Record: 57

11-Apr-2023 14:54:00 - End of raw data reading and preparation !
==========================================================================


TAP file CHINOoK_HF2_1.tapread ...

Applying tilt correction ...
Mean tilt is now :      3.6 degrees.
Inter-Sensor distance : 0.299 m.

-------------------------------------------------------------------------------
11-Apr-2023 14:55:08 - Begin SlugHeat22 PROCESSING
Split penetration and heat pulse data:
There is a heat pulse record ...

Penetration Record: 7
Heat Pulse Record:  30
End of Data Record: 57

-------------------------------------------------------------------------------
11-Apr-2023 14:55:56 - Begin SlugHeat22 PROCESSING
Split penetration and heat pulse data:
There is a heat pulse record ...

Penetration Record: 7
Heat Pulse Record:  30
End of Data Record: 57

