<<<<<<< Updated upstream
Penetration file /Users/kristindickerson/01_repos/slugheat/inputs/Works-with-updated-code/Example_CHINOoK_HF3_1.pen read ...
=======
Penetration file /Users/kristindickerson/USE_THESE/slugheat/inputs/Works-with-updated-code/Example_CHINOoK_HF3_1.pen read ...
Split penetration and heat pulse data:
There is a heat pulse record ...

Penetration Record: 7
Heat Pulse Record:  29
End of Data Record: 58

11-Aug-2023 14:33:54 - End of raw data reading and preparation !
==========================================================================


TAP file Example_CHINOoK_HF3_1.tapread ...

-------------------------------------------------------------------------------
11-Aug-2023 14:34:30
 - Begin SlugHeat22 PROCESSING
Split penetration and heat pulse data:
There is a heat pulse record ...

Penetration Record: 7
Heat Pulse Record:  29
End of Data Record: 58

-------------------------------------------------------------------------------
11-Aug-2023 16:07:44
 - Begin SlugHeat22 PROCESSING
Split penetration and heat pulse data:
There is a heat pulse record ...

Penetration Record: 7
Heat Pulse Record:  29
End of Data Record: 58

>>>>>>> Stashed changes
