TAP file ExamplePen_SlugHeatTutorial.tap read ...

Applying tilt correction ...
Mean tilt is now :      2.4 degrees.
Inter-Sensor distance : 0.300 m.

TAP file ExamplePen_SlugHeatTutorial.tapread ...

Split penetration and heat pulse data:
There is a heat pulse record ...

Penetration Record: 13
Heat Pulse Record:  77
End of Data Record: 146

14-Aug-2023 16:47:18 - End of raw data reading and preparation !
==========================================================================


TAP file ExamplePen_SlugHeatTutorial.tapread ...

Split penetration and heat pulse data:
There is a heat pulse record ...

Penetration Record: 13
Heat Pulse Record:  77
End of Data Record: 146

14-Aug-2023 16:48:09 - End of raw data reading and preparation !
==========================================================================


-------------------------------------------------------------------------------
14-Aug-2023 16:48:18
 - Begin SlugHeat22 PROCESSING
Split penetration and heat pulse data:
There is a heat pulse record ...

Penetration Record: 13
Heat Pulse Record:  77
End of Data Record: 146

-------------------------------------------------------------------------------
14-Aug-2023 16:51:23
 - Begin SlugHeat22 PROCESSING
Split penetration and heat pulse data:
There is a heat pulse record ...

Penetration Record: 13
Heat Pulse Record:  77
End of Data Record: 146

14-Aug-2023 16:54:00 - End of raw data reading and preparation !
==========================================================================


-------------------------------------------------------------------------------
14-Aug-2023 16:54:01
 - Begin SlugHeat22 PROCESSING
Split penetration and heat pulse data:
There is a heat pulse record ...

Penetration Record: 13
Heat Pulse Record:  77
End of Data Record: 146

-------------------------------------------------------------------------------
14-Aug-2023 16:55:36
 - Begin SlugHeat22 PROCESSING
Split penetration and heat pulse data:
There is a heat pulse record ...

Penetration Record: 13
Heat Pulse Record:  77
End of Data Record: 146

-------------------------------------------------------------------------------
14-Aug-2023 16:56:37
 - Begin SlugHeat22 PROCESSING
Split penetration and heat pulse data:
There is a heat pulse record ...

Penetration Record: 13
Heat Pulse Record:  77
End of Data Record: 146

-------------------------------------------------------------------------------
14-Aug-2023 16:58:22
 - Begin SlugHeat22 PROCESSING
Split penetration and heat pulse data:
There is a heat pulse record ...

Penetration Record: 13
Heat Pulse Record:  77
End of Data Record: 146

